2025-05-13T18:19:51.623Z - GET /books - User: newperson
2025-05-13T18:20:09.026Z - POST /comments/1 - User: newperson
2025-05-13T18:33:04.389Z - GET /books - User: newperson
2025-05-13T18:35:00.835Z - GET /books - User: newperson
2025-05-13T18:35:23.698Z - GET /comments/1 - User: newperson
2025-05-13T18:35:28.868Z - GET /comments/1 - User: newperson
2025-05-13T18:36:23.809Z - GET /books - User: newperson
2025-05-13T18:40:49.884Z - GET /books - User: newperson
2025-05-13T18:47:33.693Z - GET /books/1 - User: newperson
2025-05-13T18:48:22.384Z - GET /books - User: newperson
2025-05-13T18:48:37.074Z - GET /books/1 - User: newperson
2025-05-13T18:50:12.619Z - GET /books/1 - User: newperson
2025-05-13T18:51:15.038Z - GET /books/1 - User: newperson
2025-05-13T18:52:08.713Z - GET /books/1 - User: newperson
2025-05-13T19:01:52.570Z - DELETE /books/3 - User: admin
2025-05-13T19:01:52.570Z - DELETE /books/3 - User: admin
2025-05-13T19:02:31.851Z - DELETE /books/4 - User: newperson
2025-05-13T19:05:20.336Z - PUT /books/4 - User: admin
2025-05-13T19:05:20.335Z - PUT /books/4 - User: admin
2025-05-14T17:14:57.281Z - GET /books - User: user1
2025-05-14T17:17:32.987Z - GET /books/1 - User: user1
2025-05-14T17:31:33.587Z - GET /books/1 - User: user1
2025-05-14T17:31:36.595Z - GET /books/1 - User: user1
2025-05-14T17:37:52.096Z - PUT /books/1 - User: admin1
2025-05-14T17:37:52.096Z - PUT /books/1 - User: admin1
2025-05-14T17:50:06.712Z - DELETE /books/13 - User: admin1
2025-05-14T17:50:06.712Z - DELETE /books/13 - User: admin1
2025-05-14T17:54:28.470Z - GET /comments/1 - User: user1
2025-05-14T17:59:23.969Z - POST /comments/1 - User: user1
2025-05-14T17:59:23.970Z - POST /comments/1 - User: user1
